<?xml version="1.0" encoding="UTF-8"?>
<coverage generated="1633710062941" clover="3.2.0">
  <project timestamp="1633710062941" name="All files">
    <metrics statements="9" coveredstatements="9" conditionals="0" coveredconditionals="0" methods="6" coveredmethods="6" elements="15" coveredelements="15" complexity="0" loc="9" ncloc="9" packages="1" files="1" classes="1"/>
    <file name="07.mjs" path="C:\Users\marti\Desktop\Work\JS-30-Day-TDD\JS-30-Day-TDD\JavaScript30\post-tdd\07 - Array Cardio Day 2\07.mjs">
      <metrics statements="9" coveredstatements="9" conditionals="0" coveredconditionals="0" methods="6" coveredmethods="6"/>
      <file name="07.js" path="/home/martins/JS-30-Day-TDD/JS-30-Day-TDD/JavaScript30/post-tdd/07 - Array Cardio Day 2/07.js">
        <metrics statements="9" coveredstatements="9" conditionals="0" coveredconditionals="0" methods="6" coveredmethods="6"/>
        <line num="3" count="1" type="stmt"/>
        <line num="10" count="1" type="stmt"/>
        <line num="18" count="1" type="stmt"/>
        <line num="19" count="1" type="stmt"/>
        <line num="20" count="4" type="stmt"/>
        <line num="21" count="2" type="stmt"/>
        <line num="22" count="2" type="stmt"/>
        <line num="23" count="2" type="stmt"/>
        <line num="35" count="1" type="stmt"/>
      </file>
    </package>
    <package name="14 - JavaScript References VS Copying">
      <metrics statements="5" coveredstatements="5" conditionals="0" coveredconditionals="0" methods="0" coveredmethods="0"/>
      <file name="14.js" path="/home/martins/JS-30-Day-TDD/JS-30-Day-TDD/JavaScript30/post-tdd/14 - JavaScript References VS Copying/14.js">
        <metrics statements="5" coveredstatements="5" conditionals="0" coveredconditionals="0" methods="0" coveredmethods="0"/>
        <line num="5" count="1" type="stmt"/>
        <line num="8" count="1" type="stmt"/>
        <line num="9" count="1" type="stmt"/>
        <line num="37" count="1" type="stmt"/>
        <line num="50" count="1" type="stmt"/>
      </file>
    </package>
  </project>
</coverage>
