{"C:\\Users\\marti\\Desktop\\Work\\JS-30-Day-TDD\\JS-30-Day-TDD\\JavaScript30\\post-tdd\\07 - Array Cardio Day 2\\07.js": {"path":"C:\\Users\\marti\\Desktop\\Work\\JS-30-Day-TDD\\JS-30-Day-TDD\\JavaScript30\\post-tdd\\07 - Array Cardio Day 2\\07.js","statementMap":{"0":{"start":{"line":3,"column":15},"end":{"line":8,"column":1}},"1":{"start":{"line":10,"column":17},"end":{"line":16,"column":1}},"2":{"start":{"line":18,"column":18},"end":{"line":24,"column":1}},"3":{"start":{"line":19,"column":33},"end":{"line":19,"column":79}},"4":{"start":{"line":20,"column":35},"end":{"line":20,"column":81}},"5":{"start":{"line":21,"column":36},"end":{"line":21,"column":57}},"6":{"start":{"line":22,"column":39},"end":{"line":22,"column":60}},"7":{"start":{"line":23,"column":66},"end":{"line":23,"column":87}},"8":{"start":{"line":23,"column":139},"end":{"line":23,"column":160}},"9":{"start":{"line":35,"column":0},"end":{"line":35,"column":27}}},"fnMap":{"0":{"name":"(anonymous_0)","decl":{"start":{"line":19,"column":23},"end":{"line":19,"column":24}},"loc":{"start":{"line":19,"column":33},"end":{"line":19,"column":79}},"line":19},"1":{"name":"(anonymous_1)","decl":{"start":{"line":20,"column":25},"end":{"line":20,"column":26}},"loc":{"start":{"line":20,"column":35},"end":{"line":20,"column":81}},"line":20},"2":{"name":"(anonymous_2)","decl":{"start":{"line":21,"column":25},"end":{"line":21,"column":26}},"loc":{"start":{"line":21,"column":36},"end":{"line":21,"column":57}},"line":21},"3":{"name":"(anonymous_3)","decl":{"start":{"line":22,"column":28},"end":{"line":22,"column":29}},"loc":{"start":{"line":22,"column":39},"end":{"line":22,"column":60}},"line":22},"4":{"name":"(anonymous_4)","decl":{"start":{"line":23,"column":55},"end":{"line":23,"column":56}},"loc":{"start":{"line":23,"column":66},"end":{"line":23,"column":87}},"line":23},"5":{"name":"(anonymous_5)","decl":{"start":{"line":23,"column":128},"end":{"line":23,"column":129}},"loc":{"start":{"line":23,"column":139},"end":{"line":23,"column":160}},"line":23}},"branchMap":{},"s":{"0":1,"1":1,"2":1,"3":1,"4":4,"5":2,"6":2,"7":2,"8":2,"9":1},"f":{"0":1,"1":4,"2":2,"3":2,"4":2,"5":2},"b":{},"_coverageSchema":"1a1c01bbd47fc00a2c39e90264f33305004495a9","hash":"69e0f72c99427d2e9b9b604482a63e8bf78be93b"}
}
