TN:
SF:07 - Array Cardio Day 2\07.mjs
FN:19,(anonymous_0)
FN:20,(anonymous_1)
FN:21,(anonymous_2)
FN:22,(anonymous_3)
FN:23,(anonymous_4)
FN:23,(anonymous_5)
FNF:6
FNH:6
FNDA:1,(anonymous_0)
FNDA:4,(anonymous_1)
FNDA:2,(anonymous_2)
FNDA:2,(anonymous_3)
FNDA:2,(anonymous_4)
FNDA:2,(anonymous_5)
DA:3,1
DA:10,1
DA:18,1
DA:19,1
DA:20,4
DA:21,2
DA:22,2
DA:23,2
DA:35,1
LF:9
LH:9
BRF:0
BRH:0
end_of_record
TN:
SF:14 - JavaScript References VS Copying/14.js
FNF:0
FNH:0
DA:5,1
DA:8,1
DA:9,1
DA:37,1
DA:50,1
LF:5
LH:5
BRF:0
BRH:0
end_of_record
